2024-10-03 14:18:49,743 INFO: Сервер запущен
2024-10-03 14:18:49,976 INFO: Сервер запущен
2024-10-03 14:18:54,917 INFO: Приложение запущено
2024-10-03 14:19:06,694 ERROR: Ошибка: 404 Not Found: The requested URL was not found on the server. If you entered the URL manually please check your spelling and try again.
2024-10-03 14:19:13,019 ERROR: Ошибка аутентификации для admin: 500 Server Error: INTERNAL SERVER ERROR for url: http://localhost:5000/api/login
2024-10-03 14:20:53,499 INFO: Сервер запущен
2024-10-03 14:20:53,728 INFO: Сервер запущен
2024-10-03 14:21:01,649 ERROR: Ошибка: 404 Not Found: The requested URL was not found on the server. If you entered the URL manually please check your spelling and try again.
2024-10-03 14:21:03,415 ERROR: Ошибка аутентификации для admin: 500 Server Error: INTERNAL SERVER ERROR for url: http://localhost:5000/api/login
2024-10-03 14:21:14,722 INFO: Приложение запущено
2024-10-03 14:21:36,053 INFO: Приложение запущено
2024-10-03 14:21:36,344 INFO: Сервер запущен
2024-10-03 14:21:48,190 ERROR: Ошибка: 404 Not Found: The requested URL was not found on the server. If you entered the URL manually please check your spelling and try again.
2024-10-03 14:21:49,938 ERROR: Ошибка аутентификации для admin: 500 Server Error: INTERNAL SERVER ERROR for url: http://localhost:5000/api/login
2024-10-03 14:22:40,129 INFO: Сервер запущен
2024-10-03 14:22:40,265 INFO: Приложение запущено
2024-10-03 14:22:53,007 INFO: Успешный вход: admin, роль: admin
2024-10-03 14:22:53,007 INFO: Открыт интерфейс администратора
2024-10-03 14:22:55,028 ERROR: Ошибка при загрузке товаров: 404 Client Error: NOT FOUND for url: http://localhost:5000/api/products
2024-10-03 15:54:57,864 INFO: Сервер запущен
2024-10-03 15:54:58,101 INFO: Сервер запущен
2024-10-03 15:55:09,063 INFO: Приложение запущено
2024-10-03 15:55:25,807 INFO: Успешный вход: admin, роль: admin
2024-10-03 15:55:25,807 INFO: Открыт интерфейс администратора
2024-10-03 15:55:27,828 ERROR: Ошибка при загрузке товаров: 404 Client Error: NOT FOUND for url: http://localhost:5000/api/products
2024-10-03 15:58:37,263 INFO: Сервер запущен
2024-10-03 15:58:37,390 INFO: Приложение запущено
2024-10-03 15:58:56,242 INFO: Успешный вход: admin, роль: admin
2024-10-03 15:58:56,242 INFO: Открыт интерфейс администратора
2024-10-03 15:58:58,262 ERROR: Ошибка при загрузке товаров: 404 Client Error: NOT FOUND for url: http://localhost:5000/api/products
2024-10-03 15:59:02,054 ERROR: Ошибка при загрузке заявок: 404 Client Error: NOT FOUND for url: http://localhost:5000/api/orders
2024-10-03 16:00:49,631 INFO: Сервер запущен
2024-10-03 16:01:18,651 INFO: Приложение запущено
2024-10-03 16:01:19,203 INFO: Сервер запущен
2024-10-03 16:02:01,438 INFO: Успешный вход: admin, роль: admin
2024-10-03 16:02:01,438 INFO: Открыт интерфейс администратора
2024-10-03 16:02:03,461 ERROR: Ошибка при загрузке товаров: 404 Client Error: NOT FOUND for url: http://localhost:5000/api/products
2024-10-03 16:02:07,806 ERROR: Ошибка при загрузке заявок: 404 Client Error: NOT FOUND for url: http://localhost:5000/api/orders
2024-10-03 16:06:42,117 INFO: Сервер запущен
2024-10-03 16:06:42,352 INFO: Сервер запущен
2024-10-03 16:06:45,506 INFO: Приложение запущено
2024-10-03 16:06:58,402 INFO: Успешный вход: admin, роль: admin
2024-10-03 16:06:58,402 INFO: Открыт интерфейс администратора
2024-10-03 16:07:00,420 ERROR: Ошибка при загрузке товаров: 404 Client Error: NOT FOUND for url: http://localhost:5000/api/products
2024-10-03 16:07:09,868 INFO: Сервер запущен
2024-10-03 16:10:49,159 INFO: Сервер запущен
2024-10-03 16:12:43,170 INFO: Сервер запущен
2024-10-03 16:12:43,406 INFO: Сервер запущен
2024-10-03 16:13:59,313 INFO: Сервер запущен
2024-10-03 16:15:27,351 INFO: Сервер запущен
2024-10-03 16:15:36,700 INFO: Сервер запущен
2024-10-03 16:15:36,946 INFO: Приложение запущено
2024-10-03 16:15:48,332 INFO: Успешный вход: admin, роль: admin
2024-10-03 16:15:48,332 INFO: Открыт интерфейс администратора
2024-10-03 16:15:50,345 ERROR: Ошибка при загрузке товаров: 404 Client Error: NOT FOUND for url: http://localhost:5000/api/products
2024-10-03 16:15:54,672 ERROR: Ошибка при загрузке заявок: 404 Client Error: NOT FOUND for url: http://localhost:5000/orders
2024-10-03 16:21:13,757 INFO: Сервер запущен
2024-10-03 16:23:20,166 INFO: Сервер запущен
2024-10-03 16:24:01,349 INFO: Приложение запущено
2024-10-03 16:24:01,783 INFO: Сервер запущен
2024-10-03 16:24:11,149 INFO: Успешный вход: admin, роль: admin
2024-10-03 16:24:11,149 INFO: Открыт интерфейс администратора
2024-10-03 16:24:13,168 ERROR: Ошибка при загрузке товаров: 404 Client Error: NOT FOUND for url: http://localhost:5000/products
2024-10-03 16:24:17,221 ERROR: Ошибка при загрузке заявок: 404 Client Error: NOT FOUND for url: http://localhost:5000/orders
2024-10-03 16:24:59,078 INFO: Приложение запущено
2024-10-03 16:24:59,524 INFO: Сервер запущен
2024-10-03 16:25:08,691 INFO: Успешный вход: admin, роль: admin
2024-10-03 16:25:08,691 INFO: Открыт интерфейс администратора
2024-10-03 16:25:10,710 ERROR: Ошибка при загрузке товаров: 404 Client Error: NOT FOUND for url: http://localhost:5000/products
2024-10-03 16:25:15,445 ERROR: Ошибка при загрузке заявок: 404 Client Error: NOT FOUND for url: http://localhost:5000/orders
2024-10-03 16:25:28,755 INFO: Приложение запущено
2024-10-03 16:25:29,041 INFO: Сервер запущен
2024-10-03 16:25:52,986 INFO: Успешный вход: admin, роль: admin
2024-10-03 16:25:52,986 INFO: Открыт интерфейс администратора
2024-10-03 16:25:55,009 ERROR: Ошибка при загрузке товаров: 404 Client Error: NOT FOUND for url: http://localhost:5000/products
2024-10-03 16:26:06,870 ERROR: Ошибка при загрузке заявок: 404 Client Error: NOT FOUND for url: http://localhost:5000/orders
2024-10-03 16:28:57,364 INFO: Приложение запущено
2024-10-03 16:28:58,050 INFO: Сервер запущен
2024-10-03 16:29:07,508 INFO: Успешный вход: admin, роль: admin
2024-10-03 16:29:07,508 INFO: Открыт интерфейс администратора
2024-10-03 16:29:09,535 ERROR: Ошибка при загрузке товаров: 404 Client Error: NOT FOUND for url: http://localhost:5000/products
2024-10-03 16:29:13,675 ERROR: Ошибка при загрузке заявок: 404 Client Error: NOT FOUND for url: http://localhost:5000/orders
2024-10-03 16:30:51,308 INFO: Сервер запущен
2024-10-03 16:31:59,139 INFO: Сервер запущен
2024-10-03 16:32:43,770 INFO: Сервер запущен
2024-10-03 16:37:25,078 INFO: Сервер запущен
2024-10-03 16:37:25,333 INFO: Сервер запущен
2024-10-03 16:37:29,026 INFO: Приложение запущено
2024-10-03 16:37:38,900 INFO: Успешный вход: admin, роль: admin
2024-10-03 16:37:38,900 INFO: Открыт интерфейс администратора
2024-10-03 16:37:40,919 ERROR: Ошибка при загрузке товаров: 404 Client Error: NOT FOUND for url: http://localhost:5000/products
2024-10-03 16:37:45,346 ERROR: Ошибка при получении списка заявок: ОШИБКА:  отношение "orders" не существует
LINE 1: SELECT * FROM orders
                      ^

2024-10-03 16:37:45,347 ERROR: Ошибка при загрузке заявок: 500 Server Error: INTERNAL SERVER ERROR for url: http://localhost:5000/orders
2024-10-03 16:40:48,292 INFO: Сервер запущен
2024-10-03 16:41:00,389 INFO: Приложение запущено
2024-10-03 16:41:00,669 INFO: Сервер запущен
2024-10-03 16:41:10,776 INFO: Успешный вход: admin, роль: admin
2024-10-03 16:41:10,776 INFO: Открыт интерфейс администратора
2024-10-03 16:41:12,797 ERROR: Ошибка при загрузке товаров: 404 Client Error: NOT FOUND for url: http://localhost:5000/products
2024-10-03 16:41:16,749 ERROR: Ошибка при получении списка заявок: ОШИБКА:  отношение "orders" не существует
LINE 1: SELECT * FROM orders
                      ^

2024-10-03 16:41:16,750 ERROR: Ошибка при загрузке заявок: 500 Server Error: INTERNAL SERVER ERROR for url: http://localhost:5000/orders
2024-10-03 16:49:44,466 INFO: Сервер запущен
2024-10-03 16:51:28,741 INFO: Сервер запущен
2024-10-03 16:52:24,509 INFO: Сервер запущен
2024-10-03 16:52:32,901 INFO: Приложение запущено
2024-10-03 16:52:42,664 INFO: Успешный вход: admin, роль: admin
2024-10-03 16:52:42,664 INFO: Открыт интерфейс администратора
2024-10-03 16:52:44,689 ERROR: Ошибка при загрузке товаров: 404 Client Error: NOT FOUND for url: http://localhost:5000/products
2024-10-03 16:52:48,310 ERROR: Ошибка при получении списка заявок: ОШИБКА:  отношение "orders" не существует
LINE 1: SELECT * FROM orders
                      ^

2024-10-03 16:52:48,310 ERROR: Ошибка при загрузке заявок: 500 Server Error: INTERNAL SERVER ERROR for url: http://localhost:5000/orders
2024-10-03 16:54:26,818 INFO: Сервер запущен
2024-10-03 16:54:27,300 INFO: Приложение запущено
2024-10-03 16:54:36,153 INFO: Успешный вход: admin, роль: admin
2024-10-03 16:54:36,153 INFO: Открыт интерфейс администратора
2024-10-03 16:54:38,174 ERROR: Ошибка при загрузке товаров: 404 Client Error: NOT FOUND for url: http://localhost:5000/products
2024-10-03 16:54:41,620 ERROR: Ошибка при получении списка заявок: ОШИБКА:  отношение "orders" не существует
LINE 1: SELECT * FROM orders
                      ^

2024-10-03 16:54:41,621 ERROR: Ошибка при загрузке заявок: 500 Server Error: INTERNAL SERVER ERROR for url: http://localhost:5000/orders
2024-10-03 16:54:44,885 ERROR: Ошибка при получении списка поставок: ОШИБКА:  отношение "supplies" не существует
LINE 1: ...ame AS product_name, s.amount, s.supply_date FROM supplies s...
                                                             ^

2024-10-03 16:54:44,885 ERROR: Ошибка при загрузке поставок: 500 Server Error: INTERNAL SERVER ERROR for url: http://localhost:5000/supplies
2024-10-03 18:01:09,050 INFO: Сервер запущен
2024-10-03 18:01:09,284 INFO: Сервер запущен
2024-10-03 18:01:16,903 INFO: Приложение запущено
2024-10-03 18:01:27,979 INFO: Успешный вход: admin, роль: admin
2024-10-03 18:01:27,979 INFO: Открыт интерфейс администратора
2024-10-03 18:01:29,996 ERROR: Ошибка при загрузке товаров: 404 Client Error: NOT FOUND for url: http://localhost:5000/products
2024-10-03 18:01:34,652 ERROR: Ошибка при получении списка заявок: ОШИБКА:  нет доступа к таблице orders

2024-10-03 18:01:34,653 ERROR: Ошибка при загрузке заявок: 500 Server Error: INTERNAL SERVER ERROR for url: http://localhost:5000/orders
2024-10-03 18:01:38,438 ERROR: Ошибка при получении списка поставок: ОШИБКА:  нет доступа к таблице supplies

2024-10-03 18:01:38,440 ERROR: Ошибка при загрузке поставок: 500 Server Error: INTERNAL SERVER ERROR for url: http://localhost:5000/supplies
2024-10-03 18:05:13,625 INFO: Сервер запущен
2024-10-03 18:08:57,780 INFO: Сервер запущен
